Calling target program-options parser
Adding interface veth0 as port 1
Adding interface veth2 as port 2
Adding interface veth4 as port 4
Adding interface veth250 as port 64
Server listening on 127.0.0.1:50051
New connection
P4Runtime SetForwardingPipelineConfig
P4Runtime Write
election_id {
  low: 1
}
updates {
  type: INSERT
  entity {
    table_entry {
      table_id: 47284041
      match {
        field_id: 1
        lpm {
          value: "\340\000\000\000"
          prefix_len: 4
        }
      }
      match {
        field_id: 2
        exact {
          value: "\000\001"
        }
      }
      action {
        action {
          action_id: 20666920
        }
      }
    }
  }
}
P4Runtime Write
election_id {
  low: 1
}
updates {
  type: INSERT
  entity {
    table_entry {
      table_id: 42341957
      match {
        field_id: 1
        lpm {
          value: "\340\000\000\000"
          prefix_len: 4
        }
      }
      match {
        field_id: 2
        exact {
          value: "\000\001"
        }
      }
      action {
        action {
          action_id: 18593414
        }
      }
    }
  }
}
P4Runtime Write
election_id {
  low: 1
}
updates {
  type: INSERT
  entity {
    table_entry {
      table_id: 40306552
      match {
        field_id: 2
        exact {
          value: "\000\001"
        }
      }
      match {
        field_id: 1
        lpm {
          value: "\377\000\000\000\000\000\000\000\000\000\000\000\000\000\000\000"
          prefix_len: 8
        }
      }
      action {
        action {
          action_id: 30661406
        }
      }
    }
  }
}
P4Runtime Write
election_id {
  low: 1
}
updates {
  type: INSERT
  entity {
    table_entry {
      table_id: 42284539
      match {
        field_id: 1
        lpm {
          value: "\377\000\000\000\000\000\000\000\000\000\000\000\000\000\000\000"
          prefix_len: 8
        }
      }
      match {
        field_id: 2
        exact {
          value: "\000\001"
        }
      }
      action {
        action {
          action_id: 32526127
        }
      }
    }
  }
}
P4Runtime Write
election_id {
  low: 1
}
updates {
  type: INSERT
  entity {
    table_entry {
      table_id: 47284041
      match {
        field_id: 1
        lpm {
          value: "\006\006\006\000"
          prefix_len: 24
        }
      }
      match {
        field_id: 2
        exact {
          value: "\000\001"
        }
      }
      action {
        action {
          action_id: 20666920
        }
      }
    }
  }
}
P4Runtime Write
election_id {
  low: 1
}
updates {
  type: INSERT
  entity {
    table_entry {
      table_id: 42341957
      match {
        field_id: 1
        lpm {
          value: "\006\006\006\000"
          prefix_len: 24
        }
      }
      match {
        field_id: 2
        exact {
          value: "\000\001"
        }
      }
      action {
        action {
          action_id: 18593414
        }
      }
    }
  }
}
P4Runtime Write
election_id {
  low: 1
}
updates {
  type: INSERT
  entity {
    table_entry {
      table_id: 47284041
      match {
        field_id: 1
        lpm {
          value: "\006\006\006\006"
          prefix_len: 32
        }
      }
      match {
        field_id: 2
        exact {
          value: "\000\001"
        }
      }
      action {
        action {
          action_id: 20666920
        }
      }
    }
  }
}
P4Runtime Write
election_id {
  low: 1
}
updates {
  type: INSERT
  entity {
    table_entry {
      table_id: 42341957
      match {
        field_id: 1
        lpm {
          value: "\006\006\006\006"
          prefix_len: 32
        }
      }
      match {
        field_id: 2
        exact {
          value: "\000\001"
        }
      }
      action {
        action {
          action_id: 18593414
        }
      }
    }
  }
}
P4Runtime Write
election_id {
  low: 1
}
updates {
  type: INSERT
  entity {
    table_entry {
      table_id: 47284041
      match {
        field_id: 1
        lpm {
          value: "\n\000\002\000"
          prefix_len: 24
        }
      }
      match {
        field_id: 2
        exact {
          value: "\000\001"
        }
      }
      action {
        action {
          action_id: 20666920
        }
      }
    }
  }
}
P4Runtime Write
election_id {
  low: 1
}
updates {
  type: INSERT
  entity {
    table_entry {
      table_id: 42341957
      match {
        field_id: 1
        lpm {
          value: "\n\000\002\000"
          prefix_len: 24
        }
      }
      match {
        field_id: 2
        exact {
          value: "\000\001"
        }
      }
      action {
        action {
          action_id: 18593414
        }
      }
    }
  }
}
P4Runtime Write
election_id {
  low: 1
}
updates {
  type: INSERT
  entity {
    table_entry {
      table_id: 47284041
      match {
        field_id: 1
        lpm {
          value: "\n\000\002\376"
          prefix_len: 32
        }
      }
      match {
        field_id: 2
        exact {
          value: "\000\001"
        }
      }
      action {
        action {
          action_id: 20666920
        }
      }
    }
  }
}
P4Runtime Write
election_id {
  low: 1
}
updates {
  type: INSERT
  entity {
    table_entry {
      table_id: 42341957
      match {
        field_id: 1
        lpm {
          value: "\n\000\002\376"
          prefix_len: 32
        }
      }
      match {
        field_id: 2
        exact {
          value: "\000\001"
        }
      }
      action {
        action {
          action_id: 18593414
        }
      }
    }
  }
}
P4Runtime Write
election_id {
  low: 1
}
updates {
  type: INSERT
  entity {
    table_entry {
      table_id: 47284041
      match {
        field_id: 1
        lpm {
          value: "\n\000\004\000"
          prefix_len: 24
        }
      }
      match {
        field_id: 2
        exact {
          value: "\000\001"
        }
      }
      action {
        action {
          action_id: 20666920
        }
      }
    }
  }
}
P4Runtime Write
election_id {
  low: 1
}
updates {
  type: INSERT
  entity {
    table_entry {
      table_id: 42341957
      match {
        field_id: 1
        lpm {
          value: "\n\000\004\000"
          prefix_len: 24
        }
      }
      match {
        field_id: 2
        exact {
          value: "\000\001"
        }
      }
      action {
        action {
          action_id: 18593414
        }
      }
    }
  }
}
P4Runtime Write
election_id {
  low: 1
}
updates {
  type: INSERT
  entity {
    table_entry {
      table_id: 47284041
      match {
        field_id: 1
        lpm {
          value: "\n\000\004\376"
          prefix_len: 32
        }
      }
      match {
        field_id: 2
        exact {
          value: "\000\001"
        }
      }
      action {
        action {
          action_id: 20666920
        }
      }
    }
  }
}
P4Runtime Write
election_id {
  low: 1
}
updates {
  type: INSERT
  entity {
    table_entry {
      table_id: 42341957
      match {
        field_id: 1
        lpm {
          value: "\n\000\004\376"
          prefix_len: 32
        }
      }
      match {
        field_id: 2
        exact {
          value: "\000\001"
        }
      }
      action {
        action {
          action_id: 18593414
        }
      }
    }
  }
}
P4Runtime Write
election_id {
  low: 1
}
updates {
  type: INSERT
  entity {
    table_entry {
      table_id: 47284041
      match {
        field_id: 1
        lpm {
          value: "\n\376\376\376"
          prefix_len: 32
        }
      }
      match {
        field_id: 2
        exact {
          value: "\000\001"
        }
      }
      action {
        action {
          action_id: 20666920
        }
      }
    }
  }
}
P4Runtime Write
election_id {
  low: 1
}
updates {
  type: INSERT
  entity {
    table_entry {
      table_id: 42341957
      match {
        field_id: 1
        lpm {
          value: "\n\376\376\376"
          prefix_len: 32
        }
      }
      match {
        field_id: 2
        exact {
          value: "\000\001"
        }
      }
      action {
        action {
          action_id: 18593414
        }
      }
    }
  }
}
P4Runtime Write
election_id {
  low: 1
}
updates {
  type: INSERT
  entity {
    table_entry {
      table_id: 47284041
      match {
        field_id: 1
        lpm {
          value: "\340\000\000\000"
          prefix_len: 4
        }
      }
      match {
        field_id: 2
        exact {
          value: "\000\002"
        }
      }
      action {
        action {
          action_id: 20666920
        }
      }
    }
  }
}
P4Runtime Write
election_id {
  low: 1
}
updates {
  type: INSERT
  entity {
    table_entry {
      table_id: 42341957
      match {
        field_id: 1
        lpm {
          value: "\340\000\000\000"
          prefix_len: 4
        }
      }
      match {
        field_id: 2
        exact {
          value: "\000\002"
        }
      }
      action {
        action {
          action_id: 18593414
        }
      }
    }
  }
}
P4Runtime Write
election_id {
  low: 1
}
updates {
  type: INSERT
  entity {
    table_entry {
      table_id: 40306552
      match {
        field_id: 2
        exact {
          value: "\000\002"
        }
      }
      match {
        field_id: 1
        lpm {
          value: "\377\000\000\000\000\000\000\000\000\000\000\000\000\000\000\000"
          prefix_len: 8
        }
      }
      action {
        action {
          action_id: 30661406
        }
      }
    }
  }
}
P4Runtime Write
election_id {
  low: 1
}
updates {
  type: INSERT
  entity {
    table_entry {
      table_id: 42284539
      match {
        field_id: 1
        lpm {
          value: "\377\000\000\000\000\000\000\000\000\000\000\000\000\000\000\000"
          prefix_len: 8
        }
      }
      match {
        field_id: 2
        exact {
          value: "\000\002"
        }
      }
      action {
        action {
          action_id: 32526127
        }
      }
    }
  }
}
P4Runtime Write
election_id {
  low: 1
}
updates {
  type: INSERT
  entity {
    table_entry {
      table_id: 47284041
      match {
        field_id: 1
        lpm {
          value: "\n\000\001\000"
          prefix_len: 24
        }
      }
      match {
        field_id: 2
        exact {
          value: "\000\002"
        }
      }
      action {
        action {
          action_id: 20666920
        }
      }
    }
  }
}
P4Runtime Write
election_id {
  low: 1
}
updates {
  type: INSERT
  entity {
    table_entry {
      table_id: 42341957
      match {
        field_id: 1
        lpm {
          value: "\n\000\001\000"
          prefix_len: 24
        }
      }
      match {
        field_id: 2
        exact {
          value: "\000\002"
        }
      }
      action {
        action {
          action_id: 18593414
        }
      }
    }
  }
}
P4Runtime Write
election_id {
  low: 1
}
updates {
  type: INSERT
  entity {
    table_entry {
      table_id: 47284041
      match {
        field_id: 1
        lpm {
          value: "\n\000\001\376"
          prefix_len: 32
        }
      }
      match {
        field_id: 2
        exact {
          value: "\000\002"
        }
      }
      action {
        action {
          action_id: 20666920
        }
      }
    }
  }
}
P4Runtime Write
election_id {
  low: 1
}
updates {
  type: INSERT
  entity {
    table_entry {
      table_id: 42341957
      match {
        field_id: 1
        lpm {
          value: "\n\000\001\376"
          prefix_len: 32
        }
      }
      match {
        field_id: 2
        exact {
          value: "\000\002"
        }
      }
      action {
        action {
          action_id: 18593414
        }
      }
    }
  }
}
P4Runtime Write
election_id {
  low: 1
}
updates {
  type: INSERT
  entity {
    table_entry {
      table_id: 47284041
      match {
        field_id: 1
        lpm {
          value: "\n\001\001\000"
          prefix_len: 24
        }
      }
      match {
        field_id: 2
        exact {
          value: "\000\002"
        }
      }
      action {
        action {
          action_id: 23694424
          params {
            param_id: 1
            value: "q\235"
          }
        }
      }
    }
  }
}
P4Runtime Write
election_id {
  low: 1
}
updates {
  type: INSERT
  entity {
    table_entry {
      table_id: 42341957
      match {
        field_id: 1
        lpm {
          value: "\n\001\001\000"
          prefix_len: 24
        }
      }
      match {
        field_id: 2
        exact {
          value: "\000\002"
        }
      }
      action {
        action {
          action_id: 23537756
          params {
            param_id: 1
            value: "q\235"
          }
        }
      }
    }
  }
}
P4Runtime Write
election_id {
  low: 1
}
updates {
  type: INSERT
  entity {
    table_entry {
      table_id: 47284041
      match {
        field_id: 1
        lpm {
          value: "\n\n\n\000"
          prefix_len: 24
        }
      }
      match {
        field_id: 2
        exact {
          value: "\000\002"
        }
      }
      action {
        action {
          action_id: 23694424
          params {
            param_id: 1
            value: "q\235"
          }
        }
      }
    }
  }
}
P4Runtime Write
election_id {
  low: 1
}
updates {
  type: INSERT
  entity {
    table_entry {
      table_id: 42341957
      match {
        field_id: 1
        lpm {
          value: "\n\n\n\000"
          prefix_len: 24
        }
      }
      match {
        field_id: 2
        exact {
          value: "\000\002"
        }
      }
      action {
        action {
          action_id: 23537756
          params {
            param_id: 1
            value: "q\235"
          }
        }
      }
    }
  }
}
P4Runtime Write
election_id {
  low: 1
}
updates {
  type: INSERT
  entity {
    table_entry {
      table_id: 47284041
      match {
        field_id: 1
        lpm {
          value: "\n\n\376\000"
          prefix_len: 24
        }
      }
      match {
        field_id: 2
        exact {
          value: "\000\002"
        }
      }
      action {
        action {
          action_id: 20666920
        }
      }
    }
  }
}
P4Runtime Write
election_id {
  low: 1
}
updates {
  type: INSERT
  entity {
    table_entry {
      table_id: 42341957
      match {
        field_id: 1
        lpm {
          value: "\n\n\376\000"
          prefix_len: 24
        }
      }
      match {
        field_id: 2
        exact {
          value: "\000\002"
        }
      }
      action {
        action {
          action_id: 18593414
        }
      }
    }
  }
}
P4Runtime Write
election_id {
  low: 1
}
updates {
  type: INSERT
  entity {
    table_entry {
      table_id: 47284041
      match {
        field_id: 1
        lpm {
          value: "\n\n\376\001"
          prefix_len: 32
        }
      }
      match {
        field_id: 2
        exact {
          value: "\000\002"
        }
      }
      action {
        action {
          action_id: 20666920
        }
      }
    }
  }
}
P4Runtime Write
election_id {
  low: 1
}
updates {
  type: INSERT
  entity {
    table_entry {
      table_id: 42341957
      match {
        field_id: 1
        lpm {
          value: "\n\n\376\001"
          prefix_len: 32
        }
      }
      match {
        field_id: 2
        exact {
          value: "\000\002"
        }
      }
      action {
        action {
          action_id: 18593414
        }
      }
    }
  }
}
P4Runtime Write
election_id {
  low: 1
}
updates {
  type: INSERT
  entity {
    table_entry {
      table_id: 40306552
      match {
        field_id: 2
        exact {
          value: "\000\002"
        }
      }
      match {
        field_id: 1
        lpm {
          value: "\375\000\000\000\000\000\000\000\000\000\000\000\000\000\000\001"
          prefix_len: 128
        }
      }
      action {
        action {
          action_id: 25972653
          params {
            param_id: 1
            value: "P\216"
          }
        }
      }
    }
  }
}
P4Runtime Write
election_id {
  low: 1
}
updates {
  type: INSERT
  entity {
    table_entry {
      table_id: 42284539
      match {
        field_id: 1
        lpm {
          value: "\375\000\000\000\000\000\000\000\000\000\000\000\000\000\000\001"
          prefix_len: 128
        }
      }
      match {
        field_id: 2
        exact {
          value: "\000\002"
        }
      }
      action {
        action {
          action_id: 29581543
          params {
            param_id: 1
            value: "P\216"
          }
        }
      }
    }
  }
}
P4Runtime Write
election_id {
  low: 1
}
updates {
  type: INSERT
  entity {
    table_entry {
      table_id: 40306552
      match {
        field_id: 2
        exact {
          value: "\000\002"
        }
      }
      match {
        field_id: 1
        lpm {
          value: "\375\000\000\000\000\000\000\000\000\000\000\000\000\000\000\376"
          prefix_len: 128
        }
      }
      action {
        action {
          action_id: 30661406
        }
      }
    }
  }
}
P4Runtime Write
election_id {
  low: 1
}
updates {
  type: INSERT
  entity {
    table_entry {
      table_id: 42284539
      match {
        field_id: 1
        lpm {
          value: "\375\000\000\000\000\000\000\000\000\000\000\000\000\000\000\376"
          prefix_len: 128
        }
      }
      match {
        field_id: 2
        exact {
          value: "\000\002"
        }
      }
      action {
        action {
          action_id: 32526127
        }
      }
    }
  }
}
P4Runtime Write
election_id {
  low: 1
}
updates {
  type: INSERT
  entity {
    table_entry {
      table_id: 40306552
      match {
        field_id: 2
        exact {
          value: "\000\002"
        }
      }
      match {
        field_id: 1
        lpm {
          value: "\375\000\000\000\000\000\000\001\000\000\000\000\000\000\000\000"
          prefix_len: 64
        }
      }
      action {
        action {
          action_id: 30661406
        }
      }
    }
  }
}
P4Runtime Write
election_id {
  low: 1
}
updates {
  type: INSERT
  entity {
    table_entry {
      table_id: 42284539
      match {
        field_id: 1
        lpm {
          value: "\375\000\000\000\000\000\000\001\000\000\000\000\000\000\000\000"
          prefix_len: 64
        }
      }
      match {
        field_id: 2
        exact {
          value: "\000\002"
        }
      }
      action {
        action {
          action_id: 32526127
        }
      }
    }
  }
}
P4Runtime Write
election_id {
  low: 1
}
updates {
  type: INSERT
  entity {
    table_entry {
      table_id: 40306552
      match {
        field_id: 2
        exact {
          value: "\000\002"
        }
      }
      match {
        field_id: 1
        lpm {
          value: "\375\000\000\000\000\000\000\001\000\000\000\000\000\000\000\376"
          prefix_len: 128
        }
      }
      action {
        action {
          action_id: 30661406
        }
      }
    }
  }
}
P4Runtime Write
election_id {
  low: 1
}
updates {
  type: INSERT
  entity {
    table_entry {
      table_id: 42284539
      match {
        field_id: 1
        lpm {
          value: "\375\000\000\000\000\000\000\001\000\000\000\000\000\000\000\376"
          prefix_len: 128
        }
      }
      match {
        field_id: 2
        exact {
          value: "\000\002"
        }
      }
      action {
        action {
          action_id: 32526127
        }
      }
    }
  }
}
P4Runtime Write
election_id {
  low: 1
}
updates {
  type: INSERT
  entity {
    table_entry {
      table_id: 40306552
      match {
        field_id: 2
        exact {
          value: "\000\002"
        }
      }
      match {
        field_id: 1
        lpm {
          value: "\376\200\000\000\000\000\000\000\000\000\000\000\000\000\000\000"
          prefix_len: 64
        }
      }
      action {
        action {
          action_id: 30661406
        }
      }
    }
  }
}
P4Runtime Write
election_id {
  low: 1
}
updates {
  type: INSERT
  entity {
    table_entry {
      table_id: 42284539
      match {
        field_id: 1
        lpm {
          value: "\376\200\000\000\000\000\000\000\000\000\000\000\000\000\000\000"
          prefix_len: 64
        }
      }
      match {
        field_id: 2
        exact {
          value: "\000\002"
        }
      }
      action {
        action {
          action_id: 32526127
        }
      }
    }
  }
}
P4Runtime Write
election_id {
  low: 1
}
updates {
  type: INSERT
  entity {
    table_entry {
      table_id: 35836443
      match {
        field_id: 2
        ternary {
          value: "\006"
          mask: "\377"
        }
      }
      match {
        field_id: 1
        exact {
          value: "\000\002"
        }
      }
      action {
        action {
          action_id: 22721467
        }
      }
      priority: 1
    }
  }
}
P4Runtime Write
election_id {
  low: 1
}
updates {
  type: INSERT
  entity {
    table_entry {
      table_id: 39189869
      match {
        field_id: 1
        exact {
          value: "\000\002"
        }
      }
      match {
        field_id: 2
        ternary {
          value: "\006"
          mask: "\377"
        }
      }
      action {
        action {
          action_id: 22721467
        }
      }
      priority: 1
    }
  }
}
P4Runtime Write
election_id {
  low: 1
}
updates {
  type: INSERT
  entity {
    table_entry {
      table_id: 46273737
      match {
        field_id: 1
        exact {
          value: "\002\022\216"
        }
      }
      action {
        action {
          action_id: 21739410
          params {
            param_id: 1
            value: "\000\001"
          }
        }
      }
    }
  }
}
P4Runtime Write
election_id {
  low: 1
}
updates {
  type: INSERT
  entity {
    table_entry {
      table_id: 43682849
      match {
        field_id: 1
        exact {
          value: "\002\022\216"
        }
      }
      action {
        action {
          action_id: 28406340
          params {
            param_id: 1
            value: "\000\001"
          }
        }
      }
    }
  }
}
P4Runtime Write
election_id {
  low: 1
}
updates {
  type: INSERT
  entity {
    table_entry {
      table_id: 46273737
      match {
        field_id: 1
        exact {
          value: "\004\377\322"
        }
      }
      action {
        action {
          action_id: 21739410
          params {
            param_id: 1
            value: "\000\002"
          }
        }
      }
    }
  }
}
P4Runtime Write
election_id {
  low: 1
}
updates {
  type: INSERT
  entity {
    table_entry {
      table_id: 43682849
      match {
        field_id: 1
        exact {
          value: "\004\377\322"
        }
      }
      action {
        action {
          action_id: 28406340
          params {
            param_id: 1
            value: "\000\002"
          }
        }
      }
    }
  }
}
P4Runtime Write
election_id {
  low: 1
}
updates {
  type: INSERT
  entity {
    table_entry {
      table_id: 46273737
      match {
        field_id: 1
        exact {
          value: "\006f*"
        }
      }
      action {
        action {
          action_id: 21739410
          params {
            param_id: 1
            value: "\000\002"
          }
        }
      }
    }
  }
}
P4Runtime Write
election_id {
  low: 1
}
updates {
  type: INSERT
  entity {
    table_entry {
      table_id: 43682849
      match {
        field_id: 1
        exact {
          value: "\006f*"
        }
      }
      action {
        action {
          action_id: 28406340
          params {
            param_id: 1
            value: "\000\002"
          }
        }
      }
    }
  }
}
P4Runtime Write
election_id {
  low: 1
}
updates {
  type: INSERT
  entity {
    table_entry {
      table_id: 46273737
      match {
        field_id: 1
        exact {
          value: "\014\323\312"
        }
      }
      action {
        action {
          action_id: 21739410
          params {
            param_id: 1
            value: "\000\001"
          }
        }
      }
    }
  }
}
P4Runtime Write
election_id {
  low: 1
}
updates {
  type: INSERT
  entity {
    table_entry {
      table_id: 43682849
      match {
        field_id: 1
        exact {
          value: "\014\323\312"
        }
      }
      action {
        action {
          action_id: 28406340
          params {
            param_id: 1
            value: "\000\001"
          }
        }
      }
    }
  }
}
P4Runtime Write
election_id {
  low: 1
}
updates {
  type: INSERT
  entity {
    table_entry {
      table_id: 46273737
      match {
        field_id: 1
        exact {
          value: "\017\2200"
        }
      }
      action {
        action {
          action_id: 21739410
          params {
            param_id: 1
            value: "\000\001"
          }
        }
      }
    }
  }
}
P4Runtime Write
election_id {
  low: 1
}
updates {
  type: INSERT
  entity {
    table_entry {
      table_id: 43682849
      match {
        field_id: 1
        exact {
          value: "\017\2200"
        }
      }
      action {
        action {
          action_id: 28406340
          params {
            param_id: 1
            value: "\000\001"
          }
        }
      }
    }
  }
}
P4Runtime Write
election_id {
  low: 1
}
updates {
  type: INSERT
  entity {
    table_entry {
      table_id: 44397514
      match {
        field_id: 1
        exact {
          value: "\000\004"
        }
      }
      action {
        action {
          action_id: 26805964
          params {
            param_id: 1
            value: "\000\001"
          }
        }
      }
    }
  }
}
P4Runtime Write
election_id {
  low: 1
}
updates {
  type: INSERT
  entity {
    table_entry {
      table_id: 48625914
      match {
        field_id: 2
        exact {
          value: "\000o"
        }
      }
      match {
        field_id: 1
        exact {
          value: "\000\001"
        }
      }
      action {
        action {
          action_id: 21881055
          params {
            param_id: 1
            value: "\000A"
          }
        }
      }
    }
  }
}
P4Runtime Write
election_id {
  low: 1
}
updates {
  type: INSERT
  entity {
    table_entry {
      table_id: 44764748
      match {
        field_id: 1
        exact {
          value: "\000A"
        }
      }
      action {
        action {
          action_id: 17319629
          params {
            param_id: 2
            value: "\000o"
          }
          params {
            param_id: 1
            value: "\000\001"
          }
        }
      }
    }
  }
}
P4Runtime Write
election_id {
  low: 1
}
updates {
  type: INSERT
  entity {
    table_entry {
      table_id: 44397514
      match {
        field_id: 1
        exact {
          value: "\000A"
        }
      }
      action {
        action {
          action_id: 26805964
          params {
            param_id: 1
            value: "\000\002"
          }
        }
      }
    }
  }
}
P4Runtime Write
election_id {
  low: 1
}
updates {
  type: INSERT
  entity {
    table_entry {
      table_id: 48625914
      match {
        field_id: 2
        exact {
          value: "\000\336"
        }
      }
      match {
        field_id: 1
        exact {
          value: "\000\002"
        }
      }
      action {
        action {
          action_id: 21881055
          params {
            param_id: 1
            value: "\000B"
          }
        }
      }
    }
  }
}
P4Runtime Write
election_id {
  low: 1
}
updates {
  type: INSERT
  entity {
    table_entry {
      table_id: 44764748
      match {
        field_id: 1
        exact {
          value: "\000B"
        }
      }
      action {
        action {
          action_id: 17319629
          params {
            param_id: 2
            value: "\000\336"
          }
          params {
            param_id: 1
            value: "\000\002"
          }
        }
      }
    }
  }
}
P4Runtime Write
election_id {
  low: 1
}
updates {
  type: INSERT
  entity {
    table_entry {
      table_id: 44397514
      match {
        field_id: 1
        exact {
          value: "\000B"
        }
      }
      action {
        action {
          action_id: 26805964
          params {
            param_id: 1
            value: "\000\001"
          }
        }
      }
    }
  }
}
P4Runtime Write
election_id {
  low: 1
}
updates {
  type: INSERT
  entity {
    table_entry {
      table_id: 48625914
      match {
        field_id: 2
        exact {
          value: "\000\013"
        }
      }
      match {
        field_id: 1
        exact {
          value: "\000\001"
        }
      }
      action {
        action {
          action_id: 21881055
          params {
            param_id: 1
            value: "\000C"
          }
        }
      }
    }
  }
}
P4Runtime Write
election_id {
  low: 1
}
updates {
  type: INSERT
  entity {
    table_entry {
      table_id: 44764748
      match {
        field_id: 1
        exact {
          value: "\000C"
        }
      }
      action {
        action {
          action_id: 17319629
          params {
            param_id: 2
            value: "\000\013"
          }
          params {
            param_id: 1
            value: "\000\001"
          }
        }
      }
    }
  }
}
P4Runtime Write
election_id {
  low: 1
}
updates {
  type: INSERT
  entity {
    table_entry {
      table_id: 48625914
      match {
        field_id: 2
        exact {
          value: "\001M"
        }
      }
      match {
        field_id: 1
        exact {
          value: "\000\001"
        }
      }
      action {
        action {
          action_id: 21881055
          params {
            param_id: 1
            value: "\000D"
          }
        }
      }
    }
  }
}
P4Runtime Write
election_id {
  low: 1
}
updates {
  type: INSERT
  entity {
    table_entry {
      table_id: 44764748
      match {
        field_id: 1
        exact {
          value: "\000D"
        }
      }
      action {
        action {
          action_id: 17319629
          params {
            param_id: 2
            value: "\001M"
          }
          params {
            param_id: 1
            value: "\000\001"
          }
        }
      }
    }
  }
}
P4Runtime Write
election_id {
  low: 1
}
updates {
  type: INSERT
  entity {
    table_entry {
      table_id: 44397514
      match {
        field_id: 1
        exact {
          value: "\000D"
        }
      }
      action {
        action {
          action_id: 19688758
          params {
            param_id: 1
            value: "\000\001"
          }
        }
      }
    }
  }
}
P4Runtime Write
election_id {
  low: 1
}
updates {
  type: INSERT
  entity {
    table_entry {
      table_id: 48625914
      match {
        field_id: 2
        exact {
          value: "\001M"
        }
      }
      match {
        field_id: 1
        exact {
          value: "\000\002"
        }
      }
      action {
        action {
          action_id: 21881055
          params {
            param_id: 1
            value: "\000E"
          }
        }
      }
    }
  }
}
P4Runtime Write
election_id {
  low: 1
}
updates {
  type: INSERT
  entity {
    table_entry {
      table_id: 44764748
      match {
        field_id: 1
        exact {
          value: "\000E"
        }
      }
      action {
        action {
          action_id: 17319629
          params {
            param_id: 2
            value: "\001M"
          }
          params {
            param_id: 1
            value: "\000\002"
          }
        }
      }
    }
  }
}
P4Runtime Write
election_id {
  low: 1
}
updates {
  type: INSERT
  entity {
    table_entry {
      table_id: 44397514
      match {
        field_id: 1
        exact {
          value: "\000E"
        }
      }
      action {
        action {
          action_id: 19688758
          params {
            param_id: 1
            value: "\000\001"
          }
        }
      }
    }
  }
}
P4Runtime Write
election_id {
  low: 1
}
updates {
  type: INSERT
  entity {
    table_entry {
      table_id: 48625914
      match {
        field_id: 2
        exact {
          value: "\001M"
        }
      }
      match {
        field_id: 1
        exact {
          value: "\000\004"
        }
      }
      action {
        action {
          action_id: 21881055
          params {
            param_id: 1
            value: "\000F"
          }
        }
      }
    }
  }
}
P4Runtime Write
election_id {
  low: 1
}
updates {
  type: INSERT
  entity {
    table_entry {
      table_id: 44764748
      match {
        field_id: 1
        exact {
          value: "\000F"
        }
      }
      action {
        action {
          action_id: 17319629
          params {
            param_id: 2
            value: "\001M"
          }
          params {
            param_id: 1
            value: "\000\004"
          }
        }
      }
    }
  }
}
P4Runtime Write
election_id {
  low: 1
}
updates {
  type: INSERT
  entity {
    table_entry {
      table_id: 44397514
      match {
        field_id: 1
        exact {
          value: "\000F"
        }
      }
      action {
        action {
          action_id: 19688758
          params {
            param_id: 1
            value: "\000\001"
          }
        }
      }
    }
  }
}
P4Runtime Write
election_id {
  low: 1
}
updates {
  type: INSERT
  entity {
    table_entry {
      table_id: 48625914
      match {
        field_id: 2
        exact {
          value: "\001\274"
        }
      }
      match {
        field_id: 1
        exact {
          value: "\000\001"
        }
      }
      action {
        action {
          action_id: 21881055
          params {
            param_id: 1
            value: "\000G"
          }
        }
      }
    }
  }
}
P4Runtime Write
election_id {
  low: 1
}
updates {
  type: INSERT
  entity {
    table_entry {
      table_id: 44764748
      match {
        field_id: 1
        exact {
          value: "\000G"
        }
      }
      action {
        action {
          action_id: 17319629
          params {
            param_id: 2
            value: "\001\274"
          }
          params {
            param_id: 1
            value: "\000\001"
          }
        }
      }
    }
  }
}
P4Runtime Write
election_id {
  low: 1
}
updates {
  type: INSERT
  entity {
    table_entry {
      table_id: 44397514
      match {
        field_id: 1
        exact {
          value: "\000G"
        }
      }
      action {
        action {
          action_id: 19688758
          params {
            param_id: 1
            value: "\000\002"
          }
        }
      }
    }
  }
}
P4Runtime Write
election_id {
  low: 1
}
updates {
  type: INSERT
  entity {
    table_entry {
      table_id: 48625914
      match {
        field_id: 2
        exact {
          value: "\001\274"
        }
      }
      match {
        field_id: 1
        exact {
          value: "\000\002"
        }
      }
      action {
        action {
          action_id: 21881055
          params {
            param_id: 1
            value: "\000H"
          }
        }
      }
    }
  }
}
P4Runtime Write
election_id {
  low: 1
}
updates {
  type: INSERT
  entity {
    table_entry {
      table_id: 44764748
      match {
        field_id: 1
        exact {
          value: "\000H"
        }
      }
      action {
        action {
          action_id: 17319629
          params {
            param_id: 2
            value: "\001\274"
          }
          params {
            param_id: 1
            value: "\000\002"
          }
        }
      }
    }
  }
}
P4Runtime Write
election_id {
  low: 1
}
updates {
  type: INSERT
  entity {
    table_entry {
      table_id: 44397514
      match {
        field_id: 1
        exact {
          value: "\000H"
        }
      }
      action {
        action {
          action_id: 19688758
          params {
            param_id: 1
            value: "\000\002"
          }
        }
      }
    }
  }
}
P4Runtime Write
election_id {
  low: 1
}
updates {
  type: INSERT
  entity {
    table_entry {
      table_id: 48625914
      match {
        field_id: 2
        exact {
          value: "\001\274"
        }
      }
      match {
        field_id: 1
        exact {
          value: "\000\004"
        }
      }
      action {
        action {
          action_id: 21881055
          params {
            param_id: 1
            value: "\000I"
          }
        }
      }
    }
  }
}
P4Runtime Write
election_id {
  low: 1
}
updates {
  type: INSERT
  entity {
    table_entry {
      table_id: 44764748
      match {
        field_id: 1
        exact {
          value: "\000I"
        }
      }
      action {
        action {
          action_id: 17319629
          params {
            param_id: 2
            value: "\001\274"
          }
          params {
            param_id: 1
            value: "\000\004"
          }
        }
      }
    }
  }
}
P4Runtime Write
election_id {
  low: 1
}
updates {
  type: INSERT
  entity {
    table_entry {
      table_id: 44397514
      match {
        field_id: 1
        exact {
          value: "\000I"
        }
      }
      action {
        action {
          action_id: 19688758
          params {
            param_id: 1
            value: "\000\002"
          }
        }
      }
    }
  }
}
P4Runtime Write
election_id {
  low: 1
}
updates {
  type: INSERT
  entity {
    table_entry {
      table_id: 47338971
      match {
        field_id: 1
        exact {
          value: "\000J"
        }
      }
      match {
        field_id: 2
        exact {
          value: "\000"
        }
      }
      action {
        action {
          action_id: 30873773
          params {
            param_id: 1
            value: "\000\004"
          }
        }
      }
    }
  }
}
P4Runtime Write
election_id {
  low: 1
}
updates {
  type: INSERT
  entity {
    table_entry {
      table_id: 47338971
      match {
        field_id: 1
        exact {
          value: "\000J"
        }
      }
      match {
        field_id: 2
        exact {
          value: "\001"
        }
      }
      action {
        action {
          action_id: 30873773
          params {
            param_id: 1
            value: "\000\004"
          }
        }
      }
    }
  }
}
P4Runtime Write
election_id {
  low: 1
}
updates {
  type: INSERT
  entity {
    table_entry {
      table_id: 47338971
      match {
        field_id: 1
        exact {
          value: "\000J"
        }
      }
      match {
        field_id: 2
        exact {
          value: "\002"
        }
      }
      action {
        action {
          action_id: 30873773
          params {
            param_id: 1
            value: "\000\004"
          }
        }
      }
    }
  }
}
P4Runtime Write
election_id {
  low: 1
}
updates {
  type: INSERT
  entity {
    table_entry {
      table_id: 47338971
      match {
        field_id: 1
        exact {
          value: "\000J"
        }
      }
      match {
        field_id: 2
        exact {
          value: "\003"
        }
      }
      action {
        action {
          action_id: 30873773
          params {
            param_id: 1
            value: "\000\004"
          }
        }
      }
    }
  }
}
P4Runtime Write
election_id {
  low: 1
}
updates {
  type: INSERT
  entity {
    table_entry {
      table_id: 47338971
      match {
        field_id: 1
        exact {
          value: "\000J"
        }
      }
      match {
        field_id: 2
        exact {
          value: "\004"
        }
      }
      action {
        action {
          action_id: 30873773
          params {
            param_id: 1
            value: "\000\004"
          }
        }
      }
    }
  }
}
P4Runtime Write
election_id {
  low: 1
}
updates {
  type: INSERT
  entity {
    table_entry {
      table_id: 47338971
      match {
        field_id: 1
        exact {
          value: "\000J"
        }
      }
      match {
        field_id: 2
        exact {
          value: "\005"
        }
      }
      action {
        action {
          action_id: 30873773
          params {
            param_id: 1
            value: "\000\004"
          }
        }
      }
    }
  }
}
P4Runtime Write
election_id {
  low: 1
}
updates {
  type: INSERT
  entity {
    table_entry {
      table_id: 47338971
      match {
        field_id: 1
        exact {
          value: "\000J"
        }
      }
      match {
        field_id: 2
        exact {
          value: "\006"
        }
      }
      action {
        action {
          action_id: 30873773
          params {
            param_id: 1
            value: "\000\004"
          }
        }
      }
    }
  }
}
P4Runtime Write
election_id {
  low: 1
}
updates {
  type: INSERT
  entity {
    table_entry {
      table_id: 47338971
      match {
        field_id: 1
        exact {
          value: "\000J"
        }
      }
      match {
        field_id: 2
        exact {
          value: "\007"
        }
      }
      action {
        action {
          action_id: 30873773
          params {
            param_id: 1
            value: "\000\004"
          }
        }
      }
    }
  }
}
P4Runtime Write
election_id {
  low: 1
}
updates {
  type: INSERT
  entity {
    table_entry {
      table_id: 47338971
      match {
        field_id: 1
        exact {
          value: "\000J"
        }
      }
      match {
        field_id: 2
        exact {
          value: "\010"
        }
      }
      action {
        action {
          action_id: 30873773
          params {
            param_id: 1
            value: "\000\004"
          }
        }
      }
    }
  }
}
P4Runtime Write
election_id {
  low: 1
}
updates {
  type: INSERT
  entity {
    table_entry {
      table_id: 47338971
      match {
        field_id: 1
        exact {
          value: "\000J"
        }
      }
      match {
        field_id: 2
        exact {
          value: "\t"
        }
      }
      action {
        action {
          action_id: 30873773
          params {
            param_id: 1
            value: "\000\004"
          }
        }
      }
    }
  }
}
P4Runtime Write
election_id {
  low: 1
}
updates {
  type: INSERT
  entity {
    table_entry {
      table_id: 47338971
      match {
        field_id: 1
        exact {
          value: "\000J"
        }
      }
      match {
        field_id: 2
        exact {
          value: "\n"
        }
      }
      action {
        action {
          action_id: 30873773
          params {
            param_id: 1
            value: "\000\004"
          }
        }
      }
    }
  }
}
P4Runtime Write
election_id {
  low: 1
}
updates {
  type: INSERT
  entity {
    table_entry {
      table_id: 47338971
      match {
        field_id: 1
        exact {
          value: "\000J"
        }
      }
      match {
        field_id: 2
        exact {
          value: "\013"
        }
      }
      action {
        action {
          action_id: 30873773
          params {
            param_id: 1
            value: "\000\004"
          }
        }
      }
    }
  }
}
P4Runtime Write
election_id {
  low: 1
}
updates {
  type: INSERT
  entity {
    table_entry {
      table_id: 47338971
      match {
        field_id: 1
        exact {
          value: "\000J"
        }
      }
      match {
        field_id: 2
        exact {
          value: "\014"
        }
      }
      action {
        action {
          action_id: 30873773
          params {
            param_id: 1
            value: "\000\004"
          }
        }
      }
    }
  }
}
P4Runtime Write
election_id {
  low: 1
}
updates {
  type: INSERT
  entity {
    table_entry {
      table_id: 47338971
      match {
        field_id: 1
        exact {
          value: "\000J"
        }
      }
      match {
        field_id: 2
        exact {
          value: "\r"
        }
      }
      action {
        action {
          action_id: 30873773
          params {
            param_id: 1
            value: "\000\004"
          }
        }
      }
    }
  }
}
P4Runtime Write
election_id {
  low: 1
}
updates {
  type: INSERT
  entity {
    table_entry {
      table_id: 47338971
      match {
        field_id: 1
        exact {
          value: "\000J"
        }
      }
      match {
        field_id: 2
        exact {
          value: "\016"
        }
      }
      action {
        action {
          action_id: 30873773
          params {
            param_id: 1
            value: "\000\004"
          }
        }
      }
    }
  }
}
P4Runtime Write
election_id {
  low: 1
}
updates {
  type: INSERT
  entity {
    table_entry {
      table_id: 47338971
      match {
        field_id: 1
        exact {
          value: "\000J"
        }
      }
      match {
        field_id: 2
        exact {
          value: "\017"
        }
      }
      action {
        action {
          action_id: 30873773
          params {
            param_id: 1
            value: "\000\004"
          }
        }
      }
    }
  }
}
P4Runtime Write
election_id {
  low: 1
}
updates {
  type: INSERT
  entity {
    table_entry {
      table_id: 44397514
      match {
        field_id: 1
        exact {
          value: "\000J"
        }
      }
      action {
        action {
          action_id: 26805964
          params {
            param_id: 1
            value: "\000\001"
          }
        }
      }
    }
  }
}
P4Runtime Write
election_id {
  low: 1
}
updates {
  type: INSERT
  entity {
    table_entry {
      table_id: 47284041
      match {
        field_id: 1
        lpm {
          value: "\002\002\002\000"
          prefix_len: 24
        }
      }
      match {
        field_id: 2
        exact {
          value: "\000\001"
        }
      }
      action {
        action {
          action_id: 23694424
          params {
            param_id: 1
            value: "_\r"
          }
        }
      }
    }
  }
}
P4Runtime Write
election_id {
  low: 1
}
updates {
  type: INSERT
  entity {
    table_entry {
      table_id: 42341957
      match {
        field_id: 1
        lpm {
          value: "\002\002\002\000"
          prefix_len: 24
        }
      }
      match {
        field_id: 2
        exact {
          value: "\000\001"
        }
      }
      action {
        action {
          action_id: 23537756
          params {
            param_id: 1
            value: "_\r"
          }
        }
      }
    }
  }
}
P4Runtime Write
election_id {
  low: 1
}
updates {
  type: INSERT
  entity {
    table_entry {
      table_id: 47284041
      match {
        field_id: 1
        lpm {
          value: "\003\003\003\000"
          prefix_len: 24
        }
      }
      match {
        field_id: 2
        exact {
          value: "\000\001"
        }
      }
      action {
        action {
          action_id: 23694424
          params {
            param_id: 1
            value: "_\r"
          }
        }
      }
    }
  }
}
P4Runtime Write
election_id {
  low: 1
}
updates {
  type: INSERT
  entity {
    table_entry {
      table_id: 42341957
      match {
        field_id: 1
        lpm {
          value: "\003\003\003\000"
          prefix_len: 24
        }
      }
      match {
        field_id: 2
        exact {
          value: "\000\001"
        }
      }
      action {
        action {
          action_id: 23537756
          params {
            param_id: 1
            value: "_\r"
          }
        }
      }
    }
  }
}
P4Runtime Write
election_id {
  low: 1
}
updates {
  type: INSERT
  entity {
    table_entry {
      table_id: 47284041
      match {
        field_id: 1
        lpm {
          value: "\n\000\027\000"
          prefix_len: 24
        }
      }
      match {
        field_id: 2
        exact {
          value: "\000\001"
        }
      }
      action {
        action {
          action_id: 23694424
          params {
            param_id: 1
            value: "_\r"
          }
        }
      }
    }
  }
}
P4Runtime Write
election_id {
  low: 1
}
updates {
  type: INSERT
  entity {
    table_entry {
      table_id: 42341957
      match {
        field_id: 1
        lpm {
          value: "\n\000\027\000"
          prefix_len: 24
        }
      }
      match {
        field_id: 2
        exact {
          value: "\000\001"
        }
      }
      action {
        action {
          action_id: 23537756
          params {
            param_id: 1
            value: "_\r"
          }
        }
      }
    }
  }
}
P4Runtime Write
election_id {
  low: 1
}
updates {
  type: INSERT
  entity {
    table_entry {
      table_id: 47284041
      match {
        field_id: 1
        lpm {
          value: "\n\002\002\002"
          prefix_len: 32
        }
      }
      match {
        field_id: 2
        exact {
          value: "\000\001"
        }
      }
      action {
        action {
          action_id: 25038288
          params {
            param_id: 2
            value: "_\r"
          }
          params {
            param_id: 1
            value: "\013\327\301"
          }
        }
      }
    }
  }
}
P4Runtime Write
election_id {
  low: 1
}
updates {
  type: INSERT
  entity {
    table_entry {
      table_id: 42341957
      match {
        field_id: 1
        lpm {
          value: "\n\002\002\002"
          prefix_len: 32
        }
      }
      match {
        field_id: 2
        exact {
          value: "\000\001"
        }
      }
      action {
        action {
          action_id: 19024535
          params {
            param_id: 2
            value: "_\r"
          }
          params {
            param_id: 1
            value: "\013\327\301"
          }
        }
      }
    }
  }
}
P4Runtime Write
election_id {
  low: 1
}
updates {
  type: INSERT
  entity {
    table_entry {
      table_id: 47284041
      match {
        field_id: 1
        lpm {
          value: "\n\003\003\003"
          prefix_len: 32
        }
      }
      match {
        field_id: 2
        exact {
          value: "\000\001"
        }
      }
      action {
        action {
          action_id: 25038288
          params {
            param_id: 2
            value: "_\r"
          }
          params {
            param_id: 1
            value: "\013\327\302"
          }
        }
      }
    }
  }
}
P4Runtime Write
election_id {
  low: 1
}
updates {
  type: INSERT
  entity {
    table_entry {
      table_id: 42341957
      match {
        field_id: 1
        lpm {
          value: "\n\003\003\003"
          prefix_len: 32
        }
      }
      match {
        field_id: 2
        exact {
          value: "\000\001"
        }
      }
      action {
        action {
          action_id: 19024535
          params {
            param_id: 2
            value: "_\r"
          }
          params {
            param_id: 1
            value: "\013\327\302"
          }
        }
      }
    }
  }
}
P4Runtime Write
election_id {
  low: 1
}
updates {
  type: INSERT
  entity {
    table_entry {
      table_id: 47284041
      match {
        field_id: 1
        lpm {
          value: "\n\004\004\004"
          prefix_len: 32
        }
      }
      match {
        field_id: 2
        exact {
          value: "\000\001"
        }
      }
      action {
        action {
          action_id: 25038288
          params {
            param_id: 2
            value: "3\002"
          }
          params {
            param_id: 1
            value: "\013f\355"
          }
        }
      }
    }
  }
}
P4Runtime Write
election_id {
  low: 1
}
updates {
  type: INSERT
  entity {
    table_entry {
      table_id: 42341957
      match {
        field_id: 1
        lpm {
          value: "\n\004\004\004"
          prefix_len: 32
        }
      }
      match {
        field_id: 2
        exact {
          value: "\000\001"
        }
      }
      action {
        action {
          action_id: 19024535
          params {
            param_id: 2
            value: "3\002"
          }
          params {
            param_id: 1
            value: "\013f\355"
          }
        }
      }
    }
  }
}
P4Runtime Write
election_id {
  low: 1
}
updates {
  type: INSERT
  entity {
    table_entry {
      table_id: 46273737
      match {
        field_id: 1
        exact {
          value: "\002\022\217"
        }
      }
      action {
        action {
          action_id: 21713430
          params {
            param_id: 2
            value: "_\r"
          }
          params {
            param_id: 1
            value: "\013\327\301"
          }
        }
      }
    }
  }
}
P4Runtime Write
election_id {
  low: 1
}
updates {
  type: INSERT
  entity {
    table_entry {
      table_id: 43682849
      match {
        field_id: 1
        exact {
          value: "\002\022\217"
        }
      }
      action {
        action {
          action_id: 19251677
          params {
            param_id: 2
            value: "_\r"
          }
          params {
            param_id: 1
            value: "\013\327\301"
          }
        }
      }
    }
  }
}
P4Runtime Write
election_id {
  low: 1
}
updates {
  type: INSERT
  entity {
    table_entry {
      table_id: 46273737
      match {
        field_id: 1
        exact {
          value: "\002\022\220"
        }
      }
      action {
        action {
          action_id: 21713430
          params {
            param_id: 2
            value: "_\r"
          }
          params {
            param_id: 1
            value: "\013\327\302"
          }
        }
      }
    }
  }
}
P4Runtime Write
election_id {
  low: 1
}
updates {
  type: INSERT
  entity {
    table_entry {
      table_id: 43682849
      match {
        field_id: 1
        exact {
          value: "\002\022\220"
        }
      }
      action {
        action {
          action_id: 19251677
          params {
            param_id: 2
            value: "_\r"
          }
          params {
            param_id: 1
            value: "\013\327\302"
          }
        }
      }
    }
  }
}
P4Runtime Write
election_id {
  low: 1
}
updates {
  type: INSERT
  entity {
    table_entry {
      table_id: 46273737
      match {
        field_id: 1
        exact {
          value: "\002\022\221"
        }
      }
      action {
        action {
          action_id: 21713430
          params {
            param_id: 2
            value: "3\002"
          }
          params {
            param_id: 1
            value: "\013f\355"
          }
        }
      }
    }
  }
}
P4Runtime Write
election_id {
  low: 1
}
updates {
  type: INSERT
  entity {
    table_entry {
      table_id: 43682849
      match {
        field_id: 1
        exact {
          value: "\002\022\221"
        }
      }
      action {
        action {
          action_id: 19251677
          params {
            param_id: 2
            value: "3\002"
          }
          params {
            param_id: 1
            value: "\013f\355"
          }
        }
      }
    }
  }
}
P4Runtime Write
election_id {
  low: 1
}
updates {
  type: INSERT
  entity {
    table_entry {
      table_id: 46273737
      match {
        field_id: 1
        exact {
          value: "\004\260="
        }
      }
      action {
        action {
          action_id: 17382529
          params {
            param_id: 1
            value: "_\r"
          }
        }
      }
    }
  }
}
P4Runtime Write
election_id {
  low: 1
}
updates {
  type: INSERT
  entity {
    table_entry {
      table_id: 43682849
      match {
        field_id: 1
        exact {
          value: "\004\260="
        }
      }
      action {
        action {
          action_id: 17382529
          params {
            param_id: 1
            value: "_\r"
          }
        }
      }
    }
  }
}
P4Runtime Write
election_id {
  low: 1
}
updates {
  type: INSERT
  entity {
    table_entry {
      table_id: 46273737
      match {
        field_id: 1
        exact {
          value: "\005U\321"
        }
      }
      action {
        action {
          action_id: 21713430
          params {
            param_id: 2
            value: "3\002"
          }
          params {
            param_id: 1
            value: "\013f\355"
          }
        }
      }
    }
  }
}
P4Runtime Write
election_id {
  low: 1
}
updates {
  type: INSERT
  entity {
    table_entry {
      table_id: 43682849
      match {
        field_id: 1
        exact {
          value: "\005U\321"
        }
      }
      action {
        action {
          action_id: 19251677
          params {
            param_id: 2
            value: "3\002"
          }
          params {
            param_id: 1
            value: "\013f\355"
          }
        }
      }
    }
  }
}
P4Runtime Write
election_id {
  low: 1
}
updates {
  type: INSERT
  entity {
    table_entry {
      table_id: 46273737
      match {
        field_id: 1
        exact {
          value: "\006H\242"
        }
      }
      action {
        action {
          action_id: 17382529
          params {
            param_id: 1
            value: "_\r"
          }
        }
      }
    }
  }
}
P4Runtime Write
election_id {
  low: 1
}
updates {
  type: INSERT
  entity {
    table_entry {
      table_id: 43682849
      match {
        field_id: 1
        exact {
          value: "\006H\242"
        }
      }
      action {
        action {
          action_id: 17382529
          params {
            param_id: 1
            value: "_\r"
          }
        }
      }
    }
  }
}
P4Runtime Write
election_id {
  low: 1
}
updates {
  type: INSERT
  entity {
    table_entry {
      table_id: 46273737
      match {
        field_id: 1
        exact {
          value: "\007&\221"
        }
      }
      action {
        action {
          action_id: 17382529
          params {
            param_id: 1
            value: "_\r"
          }
        }
      }
    }
  }
}
P4Runtime Write
election_id {
  low: 1
}
updates {
  type: INSERT
  entity {
    table_entry {
      table_id: 43682849
      match {
        field_id: 1
        exact {
          value: "\007&\221"
        }
      }
      action {
        action {
          action_id: 17382529
          params {
            param_id: 1
            value: "_\r"
          }
        }
      }
    }
  }
}
P4Runtime Write
election_id {
  low: 1
}
updates {
  type: INSERT
  entity {
    table_entry {
      table_id: 46273737
      match {
        field_id: 1
        exact {
          value: "\007\347m"
        }
      }
      action {
        action {
          action_id: 21713430
          params {
            param_id: 2
            value: "_\r"
          }
          params {
            param_id: 1
            value: "\000\000\003"
          }
        }
      }
    }
  }
}
P4Runtime Write
election_id {
  low: 1
}
updates {
  type: INSERT
  entity {
    table_entry {
      table_id: 43682849
      match {
        field_id: 1
        exact {
          value: "\007\347m"
        }
      }
      action {
        action {
          action_id: 19251677
          params {
            param_id: 2
            value: "_\r"
          }
          params {
            param_id: 1
            value: "\000\000\003"
          }
        }
      }
    }
  }
}
P4Runtime Write
election_id {
  low: 1
}
updates {
  type: INSERT
  entity {
    table_entry {
      table_id: 46273737
      match {
        field_id: 1
        exact {
          value: "\013\0067"
        }
      }
      action {
        action {
          action_id: 21713430
          params {
            param_id: 2
            value: "_\r"
          }
          params {
            param_id: 1
            value: "\013\327\301"
          }
        }
      }
    }
  }
}
P4Runtime Write
election_id {
  low: 1
}
updates {
  type: INSERT
  entity {
    table_entry {
      table_id: 43682849
      match {
        field_id: 1
        exact {
          value: "\013\0067"
        }
      }
      action {
        action {
          action_id: 19251677
          params {
            param_id: 2
            value: "_\r"
          }
          params {
            param_id: 1
            value: "\013\327\301"
          }
        }
      }
    }
  }
}
P4Runtime Write
election_id {
  low: 1
}
updates {
  type: INSERT
  entity {
    table_entry {
      table_id: 46273737
      match {
        field_id: 1
        exact {
          value: "\017\250\270"
        }
      }
      action {
        action {
          action_id: 21713430
          params {
            param_id: 2
            value: "_\r"
          }
          params {
            param_id: 1
            value: "\013\327\302"
          }
        }
      }
    }
  }
}
P4Runtime Write
election_id {
  low: 1
}
updates {
  type: INSERT
  entity {
    table_entry {
      table_id: 43682849
      match {
        field_id: 1
        exact {
          value: "\017\250\270"
        }
      }
      action {
        action {
          action_id: 19251677
          params {
            param_id: 2
            value: "_\r"
          }
          params {
            param_id: 1
            value: "\013\327\302"
          }
        }
      }
    }
  }
}
P4Runtime Write
election_id {
  low: 1
}
updates {
  type: INSERT
  entity {
    table_entry {
      table_id: 46273737
      match {
        field_id: 1
        exact {
          value: "\017\263\003"
        }
      }
      action {
        action {
          action_id: 21713430
          params {
            param_id: 2
            value: "3\002"
          }
          params {
            param_id: 1
            value: "\000\000\003"
          }
        }
      }
    }
  }
}
P4Runtime Write
election_id {
  low: 1
}
updates {
  type: INSERT
  entity {
    table_entry {
      table_id: 43682849
      match {
        field_id: 1
        exact {
          value: "\017\263\003"
        }
      }
      action {
        action {
          action_id: 19251677
          params {
            param_id: 2
            value: "3\002"
          }
          params {
            param_id: 1
            value: "\000\000\003"
          }
        }
      }
    }
  }
}
P4Runtime Write
election_id {
  low: 1
}
updates {
  type: INSERT
  entity {
    table_entry {
      table_id: 45533004
      match {
        field_id: 1
        exact {
          value: "_\r"
        }
      }
      action {
        action {
          action_id: 20363892
          params {
            param_id: 2
            value: "\000\000\n\000\002\376"
          }
          params {
            param_id: 3
            value: "\000B"
          }
          params {
            param_id: 1
            value: "\000\000\n\000\002\002"
          }
        }
      }
    }
  }
}
P4Runtime Write
election_id {
  low: 1
}
updates {
  type: INSERT
  entity {
    table_entry {
      table_id: 49313043
      match {
        field_id: 1
        exact {
          value: "\n\000\002\002"
        }
      }
      match {
        field_id: 2
        exact {
          value: "\000\001"
        }
      }
      action {
        action {
          action_id: 23694424
          params {
            param_id: 1
            value: "_\r"
          }
        }
      }
    }
  }
}
P4Runtime Write
election_id {
  low: 1
}
updates {
  type: INSERT
  entity {
    table_entry {
      table_id: 40246547
      match {
        field_id: 1
        exact {
          value: "\n\000\002\002"
        }
      }
      match {
        field_id: 2
        exact {
          value: "\000\001"
        }
      }
      action {
        action {
          action_id: 23537756
          params {
            param_id: 1
            value: "_\r"
          }
        }
      }
    }
  }
}
P4Runtime Write
election_id {
  low: 1
}
updates {
  type: INSERT
  entity {
    table_entry {
      table_id: 45533004
      match {
        field_id: 1
        exact {
          value: "3\002"
        }
      }
      action {
        action {
          action_id: 20363892
          params {
            param_id: 2
            value: "\000\000\n\000\004\376"
          }
          params {
            param_id: 3
            value: "\000J"
          }
          params {
            param_id: 1
            value: "\000\000\n\000\004\004"
          }
        }
      }
    }
  }
}
P4Runtime Write
election_id {
  low: 1
}
updates {
  type: INSERT
  entity {
    table_entry {
      table_id: 49313043
      match {
        field_id: 1
        exact {
          value: "\n\000\004\004"
        }
      }
      match {
        field_id: 2
        exact {
          value: "\000\001"
        }
      }
      action {
        action {
          action_id: 23694424
          params {
            param_id: 1
            value: "3\002"
          }
        }
      }
    }
  }
}
P4Runtime Write
election_id {
  low: 1
}
updates {
  type: INSERT
  entity {
    table_entry {
      table_id: 40246547
      match {
        field_id: 1
        exact {
          value: "\n\000\004\004"
        }
      }
      match {
        field_id: 2
        exact {
          value: "\000\001"
        }
      }
      action {
        action {
          action_id: 23537756
          params {
            param_id: 1
            value: "3\002"
          }
        }
      }
    }
  }
}
P4Runtime Write
election_id {
  low: 1
}
updates {
  type: INSERT
  entity {
    table_entry {
      table_id: 47284041
      match {
        field_id: 1
        lpm {
          value: "\n\n\036\000"
          prefix_len: 24
        }
      }
      match {
        field_id: 2
        exact {
          value: "\000\002"
        }
      }
      action {
        action {
          action_id: 20686827
          params {
            param_id: 3
            value: "_\r"
          }
          params {
            param_id: 2
            value: "\013\327\302"
          }
          params {
            param_id: 1
            value: "\r c"
          }
        }
      }
    }
  }
}
P4Runtime Write
election_id {
  low: 1
}
updates {
  type: INSERT
  entity {
    table_entry {
      table_id: 42341957
      match {
        field_id: 1
        lpm {
          value: "\n\n\036\000"
          prefix_len: 24
        }
      }
      match {
        field_id: 2
        exact {
          value: "\000\002"
        }
      }
      action {
        action {
          action_id: 19483395
          params {
            param_id: 3
            value: "_\r"
          }
          params {
            param_id: 2
            value: "\013\327\302"
          }
          params {
            param_id: 1
            value: "\r c"
          }
        }
      }
    }
  }
}
P4Runtime Write
election_id {
  low: 1
}
updates {
  type: INSERT
  entity {
    table_entry {
      table_id: 42284539
      match {
        field_id: 1
        lpm {
          value: "\375\000\000\000\000\000\000\000\000\000\000\000\000\000\000\003"
          prefix_len: 128
        }
      }
      match {
        field_id: 2
        exact {
          value: "\000\002"
        }
      }
      action {
        action {
          action_id: 20333320
          params {
            param_id: 3
            value: "_\r"
          }
          params {
            param_id: 2
            value: "\013\327\302"
          }
          params {
            param_id: 1
            value: "\014MY"
          }
        }
      }
    }
  }
}
P4Runtime Write
election_id {
  low: 1
}
updates {
  type: INSERT
  entity {
    table_entry {
      table_id: 40306552
      match {
        field_id: 2
        exact {
          value: "\000\002"
        }
      }
      match {
        field_id: 1
        lpm {
          value: "\375\000\000\000\000\000\000\000\000\000\000\000\000\000\000\003"
          prefix_len: 128
        }
      }
      action {
        action {
          action_id: 32102315
          params {
            param_id: 3
            value: "_\r"
          }
          params {
            param_id: 2
            value: "\013\327\302"
          }
          params {
            param_id: 1
            value: "\014MY"
          }
        }
      }
    }
  }
}
P4Runtime Write
election_id {
  low: 1
}
updates {
  type: INSERT
  entity {
    table_entry {
      table_id: 46273737
      match {
        field_id: 1
        exact {
          value: "\003u\235"
        }
      }
      action {
        action {
          action_id: 30660337
          params {
            param_id: 1
            value: "\000\002"
          }
        }
      }
    }
  }
}
P4Runtime Write
election_id {
  low: 1
}
updates {
  type: INSERT
  entity {
    table_entry {
      table_id: 43682849
      match {
        field_id: 1
        exact {
          value: "\003u\235"
        }
      }
      action {
        action {
          action_id: 30660337
          params {
            param_id: 1
            value: "\000\002"
          }
        }
      }
    }
  }
}
P4Runtime Write
election_id {
  low: 1
}
updates {
  type: INSERT
  entity {
    table_entry {
      table_id: 47284041
      match {
        field_id: 1
        lpm {
          value: "\n\n(\000"
          prefix_len: 24
        }
      }
      match {
        field_id: 2
        exact {
          value: "\000\002"
        }
      }
      action {
        action {
          action_id: 20686827
          params {
            param_id: 3
            value: "3\002"
          }
          params {
            param_id: 2
            value: "\013f\355"
          }
          params {
            param_id: 1
            value: "\rM\332"
          }
        }
      }
    }
  }
}
P4Runtime Write
election_id {
  low: 1
}
updates {
  type: INSERT
  entity {
    table_entry {
      table_id: 42341957
      match {
        field_id: 1
        lpm {
          value: "\n\n(\000"
          prefix_len: 24
        }
      }
      match {
        field_id: 2
        exact {
          value: "\000\002"
        }
      }
      action {
        action {
          action_id: 19483395
          params {
            param_id: 3
            value: "3\002"
          }
          params {
            param_id: 2
            value: "\013f\355"
          }
          params {
            param_id: 1
            value: "\rM\332"
          }
        }
      }
    }
  }
}
P4Runtime Write
election_id {
  low: 1
}
updates {
  type: INSERT
  entity {
    table_entry {
      table_id: 42284539
      match {
        field_id: 1
        lpm {
          value: "\375\000\000\000\000\000\000\000\000\000\000\000\000\000\000\004"
          prefix_len: 128
        }
      }
      match {
        field_id: 2
        exact {
          value: "\000\002"
        }
      }
      action {
        action {
          action_id: 20333320
          params {
            param_id: 3
            value: "3\002"
          }
          params {
            param_id: 2
            value: "\013f\355"
          }
          params {
            param_id: 1
            value: "\004\333\256"
          }
        }
      }
    }
  }
}
P4Runtime Write
election_id {
  low: 1
}
updates {
  type: INSERT
  entity {
    table_entry {
      table_id: 40306552
      match {
        field_id: 2
        exact {
          value: "\000\002"
        }
      }
      match {
        field_id: 1
        lpm {
          value: "\375\000\000\000\000\000\000\000\000\000\000\000\000\000\000\004"
          prefix_len: 128
        }
      }
      action {
        action {
          action_id: 32102315
          params {
            param_id: 3
            value: "3\002"
          }
          params {
            param_id: 2
            value: "\013f\355"
          }
          params {
            param_id: 1
            value: "\004\333\256"
          }
        }
      }
    }
  }
}
P4Runtime Write
election_id {
  low: 1
}
updates {
  type: INSERT
  entity {
    table_entry {
      table_id: 45533004
      match {
        field_id: 1
        exact {
          value: "q\235"
        }
      }
      action {
        action {
          action_id: 20363892
          params {
            param_id: 2
            value: "\000\000\n\000\001\376"
          }
          params {
            param_id: 3
            value: "\000A"
          }
          params {
            param_id: 1
            value: "\000\000\n\000\001\001"
          }
        }
      }
    }
  }
}
P4Runtime Write
election_id {
  low: 1
}
updates {
  type: INSERT
  entity {
    table_entry {
      table_id: 49313043
      match {
        field_id: 1
        exact {
          value: "\n\000\001\001"
        }
      }
      match {
        field_id: 2
        exact {
          value: "\000\002"
        }
      }
      action {
        action {
          action_id: 23694424
          params {
            param_id: 1
            value: "q\235"
          }
        }
      }
    }
  }
}
P4Runtime Write
election_id {
  low: 1
}
updates {
  type: INSERT
  entity {
    table_entry {
      table_id: 40246547
      match {
        field_id: 1
        exact {
          value: "\n\000\001\001"
        }
      }
      match {
        field_id: 2
        exact {
          value: "\000\002"
        }
      }
      action {
        action {
          action_id: 23537756
          params {
            param_id: 1
            value: "q\235"
          }
        }
      }
    }
  }
}
P4Runtime Write
election_id {
  low: 1
}
updates {
  type: INSERT
  entity {
    table_entry {
      table_id: 46273737
      match {
        field_id: 1
        exact {
          value: "\014dU"
        }
      }
      action {
        action {
          action_id: 30660337
          params {
            param_id: 1
            value: "\000\001"
          }
        }
      }
    }
  }
}
P4Runtime Write
election_id {
  low: 1
}
updates {
  type: INSERT
  entity {
    table_entry {
      table_id: 43682849
      match {
        field_id: 1
        exact {
          value: "\014dU"
        }
      }
      action {
        action {
          action_id: 30660337
          params {
            param_id: 1
            value: "\000\001"
          }
        }
      }
    }
  }
}
P4Runtime Write
election_id {
  low: 1
}
updates {
  type: INSERT
  entity {
    table_entry {
      table_id: 34417110
      match {
        field_id: 6
        exact {
          value: "\271\354"
        }
      }
      match {
        field_id: 5
        exact {
          value: "\000\027"
        }
      }
      match {
        field_id: 2
        exact {
          value: "\006"
        }
      }
      match {
        field_id: 3
        exact {
          value: "\n\000\001\001"
        }
      }
      match {
        field_id: 4
        exact {
          value: "\n\n\376\001"
        }
      }
      match {
        field_id: 1
        exact {
          value: "\000\002"
        }
      }
      action {
        action {
          action_id: 32196365
          params {
            param_id: 3
            value: "\000\027"
          }
          params {
            param_id: 4
            value: "\271\354"
          }
          params {
            param_id: 2
            value: "\n\n\036\003"
          }
          params {
            param_id: 1
            value: "\n\000\001\001"
          }
        }
      }
    }
  }
}
P4Runtime Write
election_id {
  low: 1
}
updates {
  type: INSERT
  entity {
    table_entry {
      table_id: 34417110
      match {
        field_id: 6
        exact {
          value: "\000\027"
        }
      }
      match {
        field_id: 5
        exact {
          value: "\271\354"
        }
      }
      match {
        field_id: 2
        exact {
          value: "\006"
        }
      }
      match {
        field_id: 3
        exact {
          value: "\n\n\036\003"
        }
      }
      match {
        field_id: 4
        exact {
          value: "\n\000\001\001"
        }
      }
      match {
        field_id: 1
        exact {
          value: "\000\002"
        }
      }
      action {
        action {
          action_id: 32196365
          params {
            param_id: 3
            value: "\271\354"
          }
          params {
            param_id: 4
            value: "\000\027"
          }
          params {
            param_id: 2
            value: "\n\000\001\001"
          }
          params {
            param_id: 1
            value: "\n\n\376\001"
          }
        }
      }
    }
  }
}
P4Runtime Write
election_id {
  low: 1
}
updates {
  type: INSERT
  entity {
    table_entry {
      table_id: 46273737
      match {
        field_id: 1
        exact {
          value: "\0052\006"
        }
      }
      action {
        action {
          action_id: 33456034
          params {
            param_id: 1
            value: "\000C"
          }
        }
      }
    }
  }
}
P4Runtime Write
election_id {
  low: 1
}
updates {
  type: INSERT
  entity {
    table_entry {
      table_id: 43682849
      match {
        field_id: 1
        exact {
          value: "\0052\006"
        }
      }
      action {
        action {
          action_id: 33456034
          params {
            param_id: 1
            value: "\000C"
          }
        }
      }
    }
  }
}
P4Runtime Write
election_id {
  low: 1
}
updates {
  type: INSERT
  entity {
    table_entry {
      table_id: 44397514
      match {
        field_id: 1
        exact {
          value: "\000C"
        }
      }
      action {
        action {
          action_id: 20279293
          params {
            param_id: 2
            value: "\013\327\301"
          }
          params {
            param_id: 1
            value: "_\r"
          }
          params {
            param_id: 3
            value: "\005\227|"
          }
        }
      }
    }
  }
}
P4Runtime Write
election_id {
  low: 1
}
updates {
  type: INSERT
  entity {
    table_entry {
      table_id: 45533004
      match {
        field_id: 1
        exact {
          value: "P\216"
        }
      }
      action {
        action {
          action_id: 20363892
          params {
            param_id: 2
            value: "\000\000\n\000\001\376"
          }
          params {
            param_id: 3
            value: "\000A"
          }
          params {
            param_id: 1
            value: "\000\000\n\000\001\001"
          }
        }
      }
    }
  }
}
P4Runtime Write
election_id {
  low: 1
}
updates {
  type: INSERT
  entity {
    table_entry {
      table_id: 50297937
      match {
        field_id: 2
        exact {
          value: "\000\002"
        }
      }
      match {
        field_id: 1
        exact {
          value: "\375\000\000\000\000\000\000\001\000\000\000\000\000\000\000\001"
        }
      }
      action {
        action {
          action_id: 25972653
          params {
            param_id: 1
            value: "P\216"
          }
        }
      }
    }
  }
}
P4Runtime Write
election_id {
  low: 1
}
updates {
  type: INSERT
  entity {
    table_entry {
      table_id: 47213266
      match {
        field_id: 1
        exact {
          value: "\375\000\000\000\000\000\000\001\000\000\000\000\000\000\000\001"
        }
      }
      match {
        field_id: 2
        exact {
          value: "\000\002"
        }
      }
      action {
        action {
          action_id: 29581543
          params {
            param_id: 1
            value: "P\216"
          }
        }
      }
    }
  }
}
P4Runtime Write
election_id {
  low: 1
}
updates {
  type: INSERT
  entity {
    table_entry {
      table_id: 46273737
      match {
        field_id: 1
        exact {
          value: "\002{\024"
        }
      }
      action {
        action {
          action_id: 30660337
          params {
            param_id: 1
            value: "\000\001"
          }
        }
      }
    }
  }
}
P4Runtime Write
election_id {
  low: 1
}
updates {
  type: INSERT
  entity {
    table_entry {
      table_id: 43682849
      match {
        field_id: 1
        exact {
          value: "\002{\024"
        }
      }
      action {
        action {
          action_id: 30660337
          params {
            param_id: 1
            value: "\000\001"
          }
        }
      }
    }
  }
}
P4Runtime Write
election_id {
  low: 1
}
updates {
  type: INSERT
  entity {
    table_entry {
      table_id: 48236405
      match {
        field_id: 6
        exact {
          value: "\214\004"
        }
      }
      match {
        field_id: 5
        exact {
          value: "\000\027"
        }
      }
      match {
        field_id: 3
        exact {
          value: "\375\000\000\000\000\000\000\001\000\000\000\000\000\000\000\001"
        }
      }
      match {
        field_id: 4
        exact {
          value: "\375\000\000\000\000\000\000\000\000\000\000\000\000\000\000\376"
        }
      }
      match {
        field_id: 1
        exact {
          value: "\000\002"
        }
      }
      match {
        field_id: 2
        exact {
          value: "\006"
        }
      }
      action {
        action {
          action_id: 17552277
          params {
            param_id: 3
            value: "\000\027"
          }
          params {
            param_id: 4
            value: "\214\004"
          }
          params {
            param_id: 2
            value: "\375\000\000\000\000\000\000\000\000\000\000\000\000\000\000\003"
          }
          params {
            param_id: 1
            value: "\375\000\000\000\000\000\000\001\000\000\000\000\000\000\000\001"
          }
        }
      }
    }
  }
}
P4Runtime Write
election_id {
  low: 1
}
updates {
  type: INSERT
  entity {
    table_entry {
      table_id: 48236405
      match {
        field_id: 6
        exact {
          value: "\000\027"
        }
      }
      match {
        field_id: 5
        exact {
          value: "\214\004"
        }
      }
      match {
        field_id: 3
        exact {
          value: "\375\000\000\000\000\000\000\000\000\000\000\00